This file contains any messages produced by compilers while
running configure, to aid debugging if configure makes a mistake.

It was created by prxtool configure 0.1.0, which was
generated by GNU Autoconf 2.68.  Invocation command line was

  $ ./configure 

## --------- ##
## Platform. ##
## --------- ##

hostname = PC--20120518VNX
uname -m = i686
uname -r = 1.0.17(0.48/3/2)
uname -s = MINGW32_NT-6.1
uname -v = 2011-04-24 23:39

/usr/bin/uname -p = unknown
/bin/uname -X     = unknown

/bin/arch              = unknown
/usr/bin/arch -k       = unknown
/usr/convex/getsysinfo = unknown
/usr/bin/hostinfo      = unknown
/bin/machine           = unknown
/usr/bin/oslevel       = unknown
/bin/universe          = unknown

PATH: .
PATH: /usr/local/bin
PATH: /mingw/bin
PATH: /bin
PATH: /c/Program Files/NVIDIA Corporation/PhysX/Common
PATH: /usr/bin
PATH: /c/Windows/system32
PATH: /c/Windows
PATH: /c/Windows/System32/Wbem
PATH: /c/Windows/System32/WindowsPowerShell/v1.0/


## ----------- ##
## Core tests. ##
## ----------- ##

configure:2397: checking for prxtool version
configure:2404: result: 0.1.0
configure:2453: checking for a BSD-compatible install
configure:2521: result: /bin/install -c
configure:2532: checking whether build environment is sane
configure:2582: result: yes
configure:2723: checking for a thread-safe mkdir -p
configure:2762: result: /bin/mkdir -p
configure:2775: checking for gawk
configure:2791: found /bin/gawk
configure:2802: result: gawk
configure:2813: checking whether make sets $(MAKE)
configure:2835: result: yes
configure:2975: checking for g++
configure:3005: result: no
configure:2975: checking for c++
configure:3005: result: no
configure:2975: checking for gpp
configure:3005: result: no
configure:2975: checking for aCC
configure:3005: result: no
configure:2975: checking for CC
configure:3005: result: no
configure:2975: checking for cxx
configure:3005: result: no
configure:2975: checking for cc++
configure:3005: result: no
configure:2975: checking for cl.exe
configure:3005: result: no
configure:2975: checking for FCC
configure:3005: result: no
configure:2975: checking for KCC
configure:3005: result: no
configure:2975: checking for RCC
configure:3005: result: no
configure:2975: checking for xlC_r
configure:3005: result: no
configure:2975: checking for xlC
configure:3005: result: no
configure:3029: checking for C++ compiler version
configure:3038: g++ --version >&5
./configure: line 3040: g++: command not found
configure:3049: $? = 127
configure:3038: g++ -v >&5
./configure: line 3040: g++: command not found
configure:3049: $? = 127
configure:3038: g++ -V >&5
./configure: line 3040: g++: command not found
configure:3049: $? = 127
configure:3038: g++ -qversion >&5
./configure: line 3040: g++: command not found
configure:3049: $? = 127
configure:3069: checking whether the C++ compiler works
configure:3091: g++    conftest.cpp  >&5
./configure: line 3093: g++: command not found
configure:3095: $? = 127
configure:3133: result: no
configure: failed program was:
| /* confdefs.h */
| #define PACKAGE_NAME "prxtool"
| #define PACKAGE_TARNAME "prxtool"
| #define PACKAGE_VERSION "0.1.0"
| #define PACKAGE_STRING "prxtool 0.1.0"
| #define PACKAGE_BUGREPORT ""
| #define PACKAGE_URL ""
| #define PACKAGE "prxtool"
| #define VERSION "0.1.0"
| /* end confdefs.h.  */
| 
| int
| main ()
| {
| 
|   ;
|   return 0;
| }
configure:3138: error: in `/home/Administrator/prxtool':
configure:3140: error: C++ compiler cannot create executables
See `config.log' for more details

## ---------------- ##
## Cache variables. ##
## ---------------- ##

ac_cv_env_CCC_set=
ac_cv_env_CCC_value=
ac_cv_env_CC_set=
ac_cv_env_CC_value=
ac_cv_env_CFLAGS_set=
ac_cv_env_CFLAGS_value=
ac_cv_env_CPPFLAGS_set=
ac_cv_env_CPPFLAGS_value=
ac_cv_env_CPP_set=
ac_cv_env_CPP_value=
ac_cv_env_CXXFLAGS_set=
ac_cv_env_CXXFLAGS_value=
ac_cv_env_CXX_set=
ac_cv_env_CXX_value=
ac_cv_env_LDFLAGS_set=
ac_cv_env_LDFLAGS_value=
ac_cv_env_LIBS_set=
ac_cv_env_LIBS_value=
ac_cv_env_build_alias_set=
ac_cv_env_build_alias_value=
ac_cv_env_host_alias_set=
ac_cv_env_host_alias_value=
ac_cv_env_target_alias_set=
ac_cv_env_target_alias_value=
ac_cv_path_install='/bin/install -c'
ac_cv_path_mkdir=/bin/mkdir
ac_cv_prog_AWK=gawk
ac_cv_prog_make_make_set=yes

## ----------------- ##
## Output variables. ##
## ----------------- ##

ACLOCAL='${SHELL} /home/Administrator/prxtool/missing --run aclocal-1.11'
AMDEPBACKSLASH=''
AMDEP_FALSE=''
AMDEP_TRUE=''
AMTAR='${SHELL} /home/Administrator/prxtool/missing --run tar'
AUTOCONF='${SHELL} /home/Administrator/prxtool/missing --run autoconf'
AUTOHEADER='${SHELL} /home/Administrator/prxtool/missing --run autoheader'
AUTOMAKE='${SHELL} /home/Administrator/prxtool/missing --run automake-1.11'
AWK='gawk'
CC=''
CCDEPMODE=''
CFLAGS=''
CPP=''
CPPFLAGS=''
CXX='g++'
CXXDEPMODE=''
CXXFLAGS=''
CYGPATH_W='echo'
DEFS=''
DEPDIR=''
ECHO_C=''
ECHO_N='-n'
ECHO_T=''
EGREP=''
EXEEXT=''
GREP=''
INSTALL_DATA='${INSTALL} -m 644'
INSTALL_PROGRAM='${INSTALL}'
INSTALL_SCRIPT='${INSTALL}'
INSTALL_STRIP_PROGRAM='$(install_sh) -c -s'
LDFLAGS=''
LIBOBJS=''
LIBS=''
LTLIBOBJS=''
MAKEINFO='${SHELL} /home/Administrator/prxtool/missing --run makeinfo'
MKDIR_P='/bin/mkdir -p'
OBJEXT=''
PACKAGE='prxtool'
PACKAGE_BUGREPORT=''
PACKAGE_NAME='prxtool'
PACKAGE_STRING='prxtool 0.1.0'
PACKAGE_TARNAME='prxtool'
PACKAGE_URL=''
PACKAGE_VERSION='0.1.0'
PATH_SEPARATOR=':'
SET_MAKE=''
SHELL='/bin/sh'
STRIP=''
VERSION='0.1.0'
ac_ct_CC=''
ac_ct_CXX=''
am__EXEEXT_FALSE=''
am__EXEEXT_TRUE=''
am__fastdepCC_FALSE=''
am__fastdepCC_TRUE=''
am__fastdepCXX_FALSE=''
am__fastdepCXX_TRUE=''
am__include=''
am__isrc=''
am__leading_dot='.'
am__quote=''
am__tar='${AMTAR} chof - "$$tardir"'
am__untar='${AMTAR} xf -'
bindir='${exec_prefix}/bin'
build_alias=''
datadir='${datarootdir}'
datarootdir='${prefix}/share'
docdir='${datarootdir}/doc/${PACKAGE_TARNAME}'
dvidir='${docdir}'
exec_prefix='NONE'
host_alias=''
htmldir='${docdir}'
includedir='${prefix}/include'
infodir='${datarootdir}/info'
install_sh='${SHELL} /home/Administrator/prxtool/install-sh'
libdir='${exec_prefix}/lib'
libexecdir='${exec_prefix}/libexec'
localedir='${datarootdir}/locale'
localstatedir='${prefix}/var'
mandir='${datarootdir}/man'
mkdir_p='/bin/mkdir -p'
oldincludedir='/usr/include'
pdfdir='${docdir}'
prefix='NONE'
program_transform_name='s,x,x,'
psdir='${docdir}'
sbindir='${exec_prefix}/sbin'
sharedstatedir='${prefix}/com'
sysconfdir='${prefix}/etc'
target_alias=''

## ----------- ##
## confdefs.h. ##
## ----------- ##

/* confdefs.h */
#define PACKAGE_NAME "prxtool"
#define PACKAGE_TARNAME "prxtool"
#define PACKAGE_VERSION "0.1.0"
#define PACKAGE_STRING "prxtool 0.1.0"
#define PACKAGE_BUGREPORT ""
#define PACKAGE_URL ""
#define PACKAGE "prxtool"
#define VERSION "0.1.0"

configure: exit 77
